#! /usr/bin/vvp
:ivl_version "12.0 (stable)";
:ivl_delay_selection "TYPICAL";
:vpi_time_precision - 12;
:vpi_module "/usr/lib/x86_64-linux-gnu/ivl/system.vpi";
:vpi_module "/usr/lib/x86_64-linux-gnu/ivl/vhdl_sys.vpi";
:vpi_module "/usr/lib/x86_64-linux-gnu/ivl/vhdl_textio.vpi";
:vpi_module "/usr/lib/x86_64-linux-gnu/ivl/v2005_math.vpi";
:vpi_module "/usr/lib/x86_64-linux-gnu/ivl/va_math.vpi";
S_0x5e06c2b89dc0 .scope module, "testbench" "testbench" 2 3;
 .timescale -9 -12;
v0x5e06c2bb6eb0_0 .var/i "correct_count", 31 0;
v0x5e06c2bb6f90_0 .var "expected", 31 0;
v0x5e06c2bb7070_0 .var/i "i", 31 0;
v0x5e06c2bb7130_0 .var "in", 31 0;
v0x5e06c2bb7220_0 .net "out", 31 0, L_0x5e06c2bb7760;  1 drivers
v0x5e06c2bb7310_0 .var/i "total_tests", 31 0;
S_0x5e06c2b9ac20 .scope function.vec4.s32, "calc_reversal" "calc_reversal" 2 20, 2 20 0, S_0x5e06c2b89dc0;
 .timescale -9 -12;
; Variable calc_reversal is vec4 return value of scope S_0x5e06c2b9ac20
v0x5e06c2bb63f0_0 .var "val", 31 0;
TD_testbench.calc_reversal ;
    %load/vec4 v0x5e06c2bb63f0_0;
    %parti/s 8, 0, 2;
    %load/vec4 v0x5e06c2bb63f0_0;
    %parti/s 8, 8, 5;
    %concat/vec4; draw_concat_vec4
    %load/vec4 v0x5e06c2bb63f0_0;
    %parti/s 8, 16, 6;
    %concat/vec4; draw_concat_vec4
    %load/vec4 v0x5e06c2bb63f0_0;
    %parti/s 8, 24, 6;
    %concat/vec4; draw_concat_vec4
    %ret/vec4 0, 0, 32;  Assign to calc_reversal (store_vec4_to_lval)
    %end;
S_0x5e06c2bb64d0 .scope task, "check_result" "check_result" 2 68, 2 68 0, S_0x5e06c2b89dc0;
 .timescale -9 -12;
TD_testbench.check_result ;
    %load/vec4 v0x5e06c2bb7220_0;
    %load/vec4 v0x5e06c2bb6f90_0;
    %cmp/e;
    %jmp/0xz  T_1.0, 6;
    %load/vec4 v0x5e06c2bb6eb0_0;
    %addi 1, 0, 32;
    %store/vec4 v0x5e06c2bb6eb0_0, 0, 32;
    %jmp T_1.1;
T_1.0 ;
    %vpi_call 2 73 "$display", "ERROR: in=%h, out=%d, expected=%h", v0x5e06c2bb7130_0, v0x5e06c2bb7220_0, v0x5e06c2bb6f90_0 {0 0 0};
T_1.1 ;
    %end;
S_0x5e06c2bb66d0 .scope module, "uut" "TopModule" 2 9, 3 1 0, S_0x5e06c2b89dc0;
 .timescale 0 0;
    .port_info 0 /INPUT 32 "in";
    .port_info 1 /OUTPUT 32 "out";
v0x5e06c2bb68b0_0 .net *"_ivl_1", 7 0, L_0x5e06c2bb73d0;  1 drivers
v0x5e06c2bb6990_0 .net *"_ivl_3", 7 0, L_0x5e06c2bb74f0;  1 drivers
v0x5e06c2bb6a70_0 .net *"_ivl_5", 7 0, L_0x5e06c2bb7590;  1 drivers
v0x5e06c2bb6b60_0 .net *"_ivl_7", 7 0, L_0x5e06c2bb7660;  1 drivers
v0x5e06c2bb6c40_0 .net "in", 31 0, v0x5e06c2bb7130_0;  1 drivers
v0x5e06c2bb6d70_0 .net "out", 31 0, L_0x5e06c2bb7760;  alias, 1 drivers
L_0x5e06c2bb73d0 .part v0x5e06c2bb7130_0, 0, 8;
L_0x5e06c2bb74f0 .part v0x5e06c2bb7130_0, 8, 8;
L_0x5e06c2bb7590 .part v0x5e06c2bb7130_0, 16, 8;
L_0x5e06c2bb7660 .part v0x5e06c2bb7130_0, 24, 8;
L_0x5e06c2bb7760 .concat [ 8 8 8 8], L_0x5e06c2bb7660, L_0x5e06c2bb7590, L_0x5e06c2bb74f0, L_0x5e06c2bb73d0;
    .scope S_0x5e06c2b89dc0;
T_2 ;
    %vpi_call 2 29 "$dumpfile", "waveform.vcd" {0 0 0};
    %vpi_call 2 30 "$dumpvars", 32'sb00000000000000000000000000000000, S_0x5e06c2b89dc0 {0 0 0};
    %pushi/vec4 0, 0, 32;
    %store/vec4 v0x5e06c2bb6eb0_0, 0, 32;
    %pushi/vec4 100, 0, 32;
    %store/vec4 v0x5e06c2bb7310_0, 0, 32;
    %pushi/vec4 305419896, 0, 32;
    %store/vec4 v0x5e06c2bb7130_0, 0, 32;
    %delay 10000, 0;
    %load/vec4 v0x5e06c2bb7130_0;
    %store/vec4 v0x5e06c2bb63f0_0, 0, 32;
    %callf/vec4 TD_testbench.calc_reversal, S_0x5e06c2b9ac20;
    %store/vec4 v0x5e06c2bb6f90_0, 0, 32;
    %fork TD_testbench.check_result, S_0x5e06c2bb64d0;
    %join;
    %pushi/vec4 0, 0, 32;
    %store/vec4 v0x5e06c2bb7130_0, 0, 32;
    %delay 10000, 0;
    %load/vec4 v0x5e06c2bb7130_0;
    %store/vec4 v0x5e06c2bb63f0_0, 0, 32;
    %callf/vec4 TD_testbench.calc_reversal, S_0x5e06c2b9ac20;
    %store/vec4 v0x5e06c2bb6f90_0, 0, 32;
    %fork TD_testbench.check_result, S_0x5e06c2bb64d0;
    %join;
    %pushi/vec4 4294967295, 0, 32;
    %store/vec4 v0x5e06c2bb7130_0, 0, 32;
    %delay 10000, 0;
    %load/vec4 v0x5e06c2bb7130_0;
    %store/vec4 v0x5e06c2bb63f0_0, 0, 32;
    %callf/vec4 TD_testbench.calc_reversal, S_0x5e06c2b9ac20;
    %store/vec4 v0x5e06c2bb6f90_0, 0, 32;
    %fork TD_testbench.check_result, S_0x5e06c2bb64d0;
    %join;
    %pushi/vec4 0, 0, 32;
    %store/vec4 v0x5e06c2bb7070_0, 0, 32;
T_2.0 ;
    %load/vec4 v0x5e06c2bb7070_0;
    %load/vec4 v0x5e06c2bb7310_0;
    %subi 3, 0, 32;
    %cmp/s;
    %jmp/0xz T_2.1, 5;
    %vpi_func 2 51 "$random" 32 {0 0 0};
    %store/vec4 v0x5e06c2bb7130_0, 0, 32;
    %delay 10000, 0;
    %load/vec4 v0x5e06c2bb7130_0;
    %store/vec4 v0x5e06c2bb63f0_0, 0, 32;
    %callf/vec4 TD_testbench.calc_reversal, S_0x5e06c2b9ac20;
    %store/vec4 v0x5e06c2bb6f90_0, 0, 32;
    %fork TD_testbench.check_result, S_0x5e06c2bb64d0;
    %join;
    %load/vec4 v0x5e06c2bb7070_0;
    %addi 1, 0, 32;
    %store/vec4 v0x5e06c2bb7070_0, 0, 32;
    %jmp T_2.0;
T_2.1 ;
    %vpi_call 2 58 "$display", "SUMMARY: Passed %0d/%0d tests", v0x5e06c2bb6eb0_0, v0x5e06c2bb7310_0 {0 0 0};
    %load/vec4 v0x5e06c2bb6eb0_0;
    %load/vec4 v0x5e06c2bb7310_0;
    %cmp/e;
    %jmp/0xz  T_2.2, 4;
    %vpi_call 2 61 "$display", "RESULT: PASS" {0 0 0};
    %jmp T_2.3;
T_2.2 ;
    %vpi_call 2 63 "$display", "RESULT: FAIL" {0 0 0};
T_2.3 ;
    %vpi_call 2 65 "$finish" {0 0 0};
    %end;
    .thread T_2;
# The file index is used to find the file name in the following table.
:file_names 4;
    "N/A";
    "<interactive>";
    "examples/verilog_optimization/testbench.v";
    "examples/verilog_optimization/openevolve_output/best/best_program.v";
