#! /usr/bin/vvp
:ivl_version "12.0 (stable)";
:ivl_delay_selection "TYPICAL";
:vpi_time_precision - 12;
:vpi_module "/usr/lib/x86_64-linux-gnu/ivl/system.vpi";
:vpi_module "/usr/lib/x86_64-linux-gnu/ivl/vhdl_sys.vpi";
:vpi_module "/usr/lib/x86_64-linux-gnu/ivl/vhdl_textio.vpi";
:vpi_module "/usr/lib/x86_64-linux-gnu/ivl/v2005_math.vpi";
:vpi_module "/usr/lib/x86_64-linux-gnu/ivl/va_math.vpi";
S_0x643c22050bf0 .scope module, "testbench" "testbench" 2 3;
 .timescale -9 -12;
v0x643c2207a440_0 .var/i "correct_count", 31 0;
v0x643c2207a520_0 .var "expected", 31 0;
v0x643c2207a600_0 .var/i "i", 31 0;
v0x643c2207a6f0_0 .var "in", 31 0;
L_0x7e957a27e018 .functor BUFT 1, C4<00000000000000000000000000000000>, C4<0>, C4<0>, C4<0>;
v0x643c2207a7e0_0 .net "out", 31 0, L_0x7e957a27e018;  1 drivers
v0x643c2207a8d0_0 .var/i "total_tests", 31 0;
S_0x643c2205f350 .scope function.vec4.s32, "calc_reversal" "calc_reversal" 2 20, 2 20 0, S_0x643c22050bf0;
 .timescale -9 -12;
; Variable calc_reversal is vec4 return value of scope S_0x643c2205f350
v0x643c22079d60_0 .var "val", 31 0;
TD_testbench.calc_reversal ;
    %load/vec4 v0x643c22079d60_0;
    %parti/s 8, 0, 2;
    %load/vec4 v0x643c22079d60_0;
    %parti/s 8, 8, 5;
    %concat/vec4; draw_concat_vec4
    %load/vec4 v0x643c22079d60_0;
    %parti/s 8, 16, 6;
    %concat/vec4; draw_concat_vec4
    %load/vec4 v0x643c22079d60_0;
    %parti/s 8, 24, 6;
    %concat/vec4; draw_concat_vec4
    %ret/vec4 0, 0, 32;  Assign to calc_reversal (store_vec4_to_lval)
    %end;
S_0x643c22079e40 .scope task, "check_result" "check_result" 2 72, 2 72 0, S_0x643c22050bf0;
 .timescale -9 -12;
TD_testbench.check_result ;
    %load/vec4 v0x643c2207a7e0_0;
    %load/vec4 v0x643c2207a520_0;
    %cmp/e;
    %jmp/0xz  T_1.0, 6;
    %load/vec4 v0x643c2207a440_0;
    %addi 1, 0, 32;
    %store/vec4 v0x643c2207a440_0, 0, 32;
    %jmp T_1.1;
T_1.0 ;
    %vpi_call 2 77 "$display", "ERROR: in=%h, out=%h, expected=%h", v0x643c2207a6f0_0, v0x643c2207a7e0_0, v0x643c2207a520_0 {0 0 0};
T_1.1 ;
    %end;
S_0x643c2207a040 .scope module, "uut" "TopModule" 2 10, 3 1 0, S_0x643c22050bf0;
 .timescale 0 0;
    .port_info 0 /INPUT 32 "in";
    .port_info 1 /OUTPUT 32 "out";
v0x643c2207a220_0 .net "in", 31 0, v0x643c2207a6f0_0;  1 drivers
v0x643c2207a300_0 .net "out", 31 0, L_0x7e957a27e018;  alias, 1 drivers
    .scope S_0x643c22050bf0;
T_2 ;
    %pushi/vec4 0, 0, 32;
    %store/vec4 v0x643c2207a440_0, 0, 32;
    %pushi/vec4 100, 0, 32;
    %store/vec4 v0x643c2207a8d0_0, 0, 32;
    %pushi/vec4 305419896, 0, 32;
    %store/vec4 v0x643c2207a6f0_0, 0, 32;
    %delay 10000, 0;
    %load/vec4 v0x643c2207a6f0_0;
    %store/vec4 v0x643c22079d60_0, 0, 32;
    %callf/vec4 TD_testbench.calc_reversal, S_0x643c2205f350;
    %store/vec4 v0x643c2207a520_0, 0, 32;
    %fork TD_testbench.check_result, S_0x643c22079e40;
    %join;
    %pushi/vec4 2864434397, 0, 32;
    %store/vec4 v0x643c2207a6f0_0, 0, 32;
    %delay 10000, 0;
    %load/vec4 v0x643c2207a6f0_0;
    %store/vec4 v0x643c22079d60_0, 0, 32;
    %callf/vec4 TD_testbench.calc_reversal, S_0x643c2205f350;
    %store/vec4 v0x643c2207a520_0, 0, 32;
    %fork TD_testbench.check_result, S_0x643c22079e40;
    %join;
    %pushi/vec4 0, 0, 32;
    %store/vec4 v0x643c2207a6f0_0, 0, 32;
    %delay 10000, 0;
    %load/vec4 v0x643c2207a6f0_0;
    %store/vec4 v0x643c22079d60_0, 0, 32;
    %callf/vec4 TD_testbench.calc_reversal, S_0x643c2205f350;
    %store/vec4 v0x643c2207a520_0, 0, 32;
    %fork TD_testbench.check_result, S_0x643c22079e40;
    %join;
    %pushi/vec4 4294967295, 0, 32;
    %store/vec4 v0x643c2207a6f0_0, 0, 32;
    %delay 10000, 0;
    %load/vec4 v0x643c2207a6f0_0;
    %store/vec4 v0x643c22079d60_0, 0, 32;
    %callf/vec4 TD_testbench.calc_reversal, S_0x643c2205f350;
    %store/vec4 v0x643c2207a520_0, 0, 32;
    %fork TD_testbench.check_result, S_0x643c22079e40;
    %join;
    %pushi/vec4 0, 0, 32;
    %store/vec4 v0x643c2207a600_0, 0, 32;
T_2.0 ;
    %load/vec4 v0x643c2207a600_0;
    %load/vec4 v0x643c2207a8d0_0;
    %subi 4, 0, 32;
    %cmp/s;
    %jmp/0xz T_2.1, 5;
    %vpi_func 2 55 "$random" 32 {0 0 0};
    %store/vec4 v0x643c2207a6f0_0, 0, 32;
    %delay 10000, 0;
    %load/vec4 v0x643c2207a6f0_0;
    %store/vec4 v0x643c22079d60_0, 0, 32;
    %callf/vec4 TD_testbench.calc_reversal, S_0x643c2205f350;
    %store/vec4 v0x643c2207a520_0, 0, 32;
    %fork TD_testbench.check_result, S_0x643c22079e40;
    %join;
    %load/vec4 v0x643c2207a600_0;
    %addi 1, 0, 32;
    %store/vec4 v0x643c2207a600_0, 0, 32;
    %jmp T_2.0;
T_2.1 ;
    %vpi_call 2 62 "$display", "SUMMARY: Passed %0d/%0d tests", v0x643c2207a440_0, v0x643c2207a8d0_0 {0 0 0};
    %load/vec4 v0x643c2207a440_0;
    %load/vec4 v0x643c2207a8d0_0;
    %cmp/e;
    %jmp/0xz  T_2.2, 4;
    %vpi_call 2 65 "$display", "RESULT: PASS" {0 0 0};
    %jmp T_2.3;
T_2.2 ;
    %vpi_call 2 67 "$display", "RESULT: FAIL" {0 0 0};
T_2.3 ;
    %vpi_call 2 69 "$finish" {0 0 0};
    %end;
    .thread T_2;
# The file index is used to find the file name in the following table.
:file_names 4;
    "N/A";
    "<interactive>";
    "examples/verilog_optimization/testbench.v";
    "examples/verilog_optimization/initial_program.v";
